2022-04-08 13:37:05,225 | TMC: The number of training images = 8
2022-04-08 13:37:12,873 | TMC: global step 100/4000, epoch: 13, batch: 3, rank_id: 0, loss: 15.293656, lr: 0.0030000000, speed: 26.4579 step/s
2022-04-08 13:37:16,634 | TMC: global step 200/4000, epoch: 25, batch: 7, rank_id: 0, loss: 14.469523, lr: 0.0030000000, speed: 26.5927 step/s
2022-04-08 13:37:20,181 | TMC: global step 300/4000, epoch: 38, batch: 3, rank_id: 0, loss: 13.824819, lr: 0.0030000000, speed: 28.1929 step/s
2022-04-08 13:37:23,601 | TMC: global step 400/4000, epoch: 50, batch: 7, rank_id: 0, loss: 13.488214, lr: 0.0030000000, speed: 29.2379 step/s
2022-04-08 13:37:23,651 | TMC: eval loss: 13.108866, acc: 0.98, 
2022-04-08 13:37:23,651 | TMC: eval done total : 0.05000042915344238 s
2022-04-08 13:37:23,651 | TMC: ====================================================================================================
2022-04-08 13:37:23,652 | TMC: max_acc:0.98
2022-04-08 13:37:27,064 | TMC: global step 500/4000, epoch: 63, batch: 3, rank_id: 0, loss: 12.583556, lr: 0.0030000000, speed: 28.8788 step/s
2022-04-08 13:37:30,439 | TMC: global step 600/4000, epoch: 75, batch: 7, rank_id: 0, loss: 12.313666, lr: 0.0030000000, speed: 29.6224 step/s
2022-04-08 13:37:33,913 | TMC: global step 700/4000, epoch: 88, batch: 3, rank_id: 0, loss: 11.804612, lr: 0.0030000000, speed: 28.7854 step/s
2022-04-08 13:37:37,331 | TMC: global step 800/4000, epoch: 100, batch: 7, rank_id: 0, loss: 11.814697, lr: 0.0030000000, speed: 29.2569 step/s
2022-04-08 13:37:37,380 | TMC: eval loss: 11.664721, acc: 0.9825, 
2022-04-08 13:37:37,381 | TMC: eval done total : 0.05000042915344238 s
2022-04-08 13:37:37,381 | TMC: ====================================================================================================
2022-04-08 13:37:37,383 | TMC: max_acc:0.9825
2022-04-08 13:37:40,748 | TMC: global step 900/4000, epoch: 113, batch: 3, rank_id: 0, loss: 11.509742, lr: 0.0030000000, speed: 29.2657 step/s
2022-04-08 13:37:44,100 | TMC: global step 1000/4000, epoch: 125, batch: 7, rank_id: 0, loss: 10.838177, lr: 0.0030000000, speed: 29.8393 step/s
2022-04-08 13:37:47,537 | TMC: global step 1100/4000, epoch: 138, batch: 3, rank_id: 0, loss: 10.882108, lr: 0.0030000000, speed: 29.0894 step/s
2022-04-08 13:37:50,893 | TMC: global step 1200/4000, epoch: 150, batch: 7, rank_id: 0, loss: 10.932013, lr: 0.0030000000, speed: 29.8088 step/s
2022-04-08 13:37:50,939 | TMC: eval loss: 10.931637, acc: 0.9825, 
2022-04-08 13:37:50,939 | TMC: eval done total : 0.04600048065185547 s
2022-04-08 13:37:50,939 | TMC: ====================================================================================================
2022-04-08 13:37:54,282 | TMC: global step 1300/4000, epoch: 163, batch: 3, rank_id: 0, loss: 10.525194, lr: 0.0030000000, speed: 29.5064 step/s
2022-04-08 13:37:57,646 | TMC: global step 1400/4000, epoch: 175, batch: 7, rank_id: 0, loss: 9.929931, lr: 0.0030000000, speed: 29.7281 step/s
2022-04-08 13:38:01,033 | TMC: global step 1500/4000, epoch: 188, batch: 3, rank_id: 0, loss: 10.102712, lr: 0.0030000000, speed: 29.5223 step/s
2022-04-08 13:38:04,444 | TMC: global step 1600/4000, epoch: 200, batch: 7, rank_id: 0, loss: 9.987200, lr: 0.0030000000, speed: 29.3148 step/s
2022-04-08 13:38:04,490 | TMC: eval loss: 10.482791, acc: 0.98, 
2022-04-08 13:38:04,490 | TMC: eval done total : 0.04599928855895996 s
2022-04-08 13:38:04,490 | TMC: ====================================================================================================
2022-04-08 13:38:07,905 | TMC: global step 1700/4000, epoch: 213, batch: 3, rank_id: 0, loss: 10.108698, lr: 0.0030000000, speed: 28.8993 step/s
2022-04-08 13:38:11,443 | TMC: global step 1800/4000, epoch: 225, batch: 7, rank_id: 0, loss: 9.922335, lr: 0.0030000000, speed: 28.2618 step/s
2022-04-08 13:38:14,800 | TMC: global step 1900/4000, epoch: 238, batch: 3, rank_id: 0, loss: 9.769896, lr: 0.0030000000, speed: 29.7936 step/s
2022-04-08 13:38:18,128 | TMC: global step 2000/4000, epoch: 250, batch: 7, rank_id: 0, loss: 9.257299, lr: 0.0030000000, speed: 30.0482 step/s
2022-04-08 13:38:18,176 | TMC: eval loss: 10.176649, acc: 0.98, 
2022-04-08 13:38:18,176 | TMC: eval done total : 0.0480191707611084 s
2022-04-08 13:38:18,176 | TMC: ====================================================================================================
2022-04-08 13:38:21,924 | TMC: global step 2100/4000, epoch: 263, batch: 3, rank_id: 0, loss: 9.728335, lr: 0.0030000000, speed: 26.3421 step/s
2022-04-08 13:38:25,501 | TMC: global step 2200/4000, epoch: 275, batch: 7, rank_id: 0, loss: 9.557236, lr: 0.0030000000, speed: 27.9618 step/s
2022-04-08 13:38:29,315 | TMC: global step 2300/4000, epoch: 288, batch: 3, rank_id: 0, loss: 9.731032, lr: 0.0030000000, speed: 26.2150 step/s
2022-04-08 13:38:32,974 | TMC: global step 2400/4000, epoch: 300, batch: 7, rank_id: 0, loss: 9.367088, lr: 0.0030000000, speed: 27.3315 step/s
2022-04-08 13:38:33,021 | TMC: eval loss: 9.960622, acc: 0.98, 
2022-04-08 13:38:33,021 | TMC: eval done total : 0.04699873924255371 s
2022-04-08 13:38:33,021 | TMC: ====================================================================================================
2022-04-08 13:38:36,441 | TMC: global step 2500/4000, epoch: 313, batch: 3, rank_id: 0, loss: 8.938019, lr: 0.0030000000, speed: 28.8431 step/s
2022-04-08 13:38:39,859 | TMC: global step 2600/4000, epoch: 325, batch: 7, rank_id: 0, loss: 9.070463, lr: 0.0030000000, speed: 29.2570 step/s
2022-04-08 13:38:43,347 | TMC: global step 2700/4000, epoch: 338, batch: 3, rank_id: 0, loss: 8.902544, lr: 0.0030000000, speed: 28.6735 step/s
2022-04-08 13:38:46,733 | TMC: global step 2800/4000, epoch: 350, batch: 7, rank_id: 0, loss: 9.127217, lr: 0.0030000000, speed: 29.5282 step/s
2022-04-08 13:38:46,779 | TMC: eval loss: 9.804415, acc: 0.98, 
2022-04-08 13:38:46,779 | TMC: eval done total : 0.04599928855895996 s
2022-04-08 13:38:46,780 | TMC: ====================================================================================================
2022-04-08 13:38:50,276 | TMC: global step 2900/4000, epoch: 363, batch: 3, rank_id: 0, loss: 9.239279, lr: 0.0030000000, speed: 28.2244 step/s
2022-04-08 13:38:53,744 | TMC: global step 3000/4000, epoch: 375, batch: 7, rank_id: 0, loss: 8.860491, lr: 0.0030000000, speed: 28.8376 step/s
2022-04-08 13:38:57,157 | TMC: global step 3100/4000, epoch: 388, batch: 3, rank_id: 0, loss: 8.526231, lr: 0.0030000000, speed: 29.2983 step/s
2022-04-08 13:39:00,571 | TMC: global step 3200/4000, epoch: 400, batch: 7, rank_id: 0, loss: 8.577816, lr: 0.0030000000, speed: 29.2874 step/s
2022-04-08 13:39:00,619 | TMC: eval loss: 9.697515, acc: 0.9825, 
2022-04-08 13:39:00,619 | TMC: eval done total : 0.04799914360046387 s
2022-04-08 13:39:00,619 | TMC: ====================================================================================================
2022-04-08 13:39:04,075 | TMC: global step 3300/4000, epoch: 413, batch: 3, rank_id: 0, loss: 8.553981, lr: 0.0030000000, speed: 28.5492 step/s
2022-04-08 13:39:07,554 | TMC: global step 3400/4000, epoch: 425, batch: 7, rank_id: 0, loss: 8.355651, lr: 0.0030000000, speed: 28.7448 step/s
2022-04-08 13:39:11,147 | TMC: global step 3500/4000, epoch: 438, batch: 3, rank_id: 0, loss: 8.387650, lr: 0.0030000000, speed: 27.8415 step/s
2022-04-08 13:39:14,558 | TMC: global step 3600/4000, epoch: 450, batch: 7, rank_id: 0, loss: 8.146254, lr: 0.0030000000, speed: 29.3197 step/s
2022-04-08 13:39:14,604 | TMC: eval loss: 9.600262, acc: 0.9825, 
2022-04-08 13:39:14,605 | TMC: eval done total : 0.04750323295593262 s
2022-04-08 13:39:14,605 | TMC: ====================================================================================================
2022-04-08 13:39:18,039 | TMC: global step 3700/4000, epoch: 463, batch: 3, rank_id: 0, loss: 8.654198, lr: 0.0030000000, speed: 28.7261 step/s
2022-04-08 13:39:21,457 | TMC: global step 3800/4000, epoch: 475, batch: 7, rank_id: 0, loss: 8.673658, lr: 0.0030000000, speed: 29.2518 step/s
2022-04-08 13:39:24,878 | TMC: global step 3900/4000, epoch: 488, batch: 3, rank_id: 0, loss: 8.152586, lr: 0.0030000000, speed: 29.2376 step/s
2022-04-08 13:39:28,326 | TMC: global step 4000/4000, epoch: 500, batch: 7, rank_id: 0, loss: 8.657552, lr: 0.0030000000, speed: 29.0052 step/s
2022-04-08 13:39:28,373 | TMC: eval loss: 9.566298, acc: 0.9825, 
2022-04-08 13:39:28,373 | TMC: eval done total : 0.04698586463928223 s
2022-04-08 13:39:28,373 | TMC: ====================================================================================================
